slabinfo - version: 2.1
# name            <active_objs> <num_objs> <objsize> <objperslab> <pagesperslab> : tunables <limit> <batchcount> <sharedfactor> : slabdata <active_slabs> <num_slabs> <sharedavail>
fakedrive             42     42     96   42    1 : tunables    0    0    0 : slabdata      1      1      0
ext4_groupinfo_4k    252    252    144   28    1 : tunables    0    0    0 : slabdata      9      9      0
fsverity_info          0      0    256   16    1 : tunables    0    0    0 : slabdata      0      0      0
MPTCPv6                0      0   1984   16    8 : tunables    0    0    0 : slabdata      0      0      0
ip6-frags              0      0    184   22    1 : tunables    0    0    0 : slabdata      0      0      0
RAWv6                 84     84   1152   28    8 : tunables    0    0    0 : slabdata      3      3      0
UDPv6                 50     50   1280   25    8 : tunables    0    0    0 : slabdata      2      2      0
tw_sock_TCPv6          0      0    248   16    1 : tunables    0    0    0 : slabdata      0      0      0
request_sock_TCPv6      0      0    304   26    2 : tunables    0    0    0 : slabdata      0      0      0
TCPv6                 52     52   2368   13    8 : tunables    0    0    0 : slabdata      4      4      0
kcopyd_job             0      0   3312    9    8 : tunables    0    0    0 : slabdata      0      0      0
dm_uevent              0      0   2888   11    8 : tunables    0    0    0 : slabdata      0      0      0
scsi_sense_cache     160    160    128   32    1 : tunables    0    0    0 : slabdata      5      5      0
sgpool-16             64     64    512   16    2 : tunables    0    0    0 : slabdata      4      4      0
mqueue_inode_cache     17     17    960   17    4 : tunables    0    0    0 : slabdata      1      1      0
fuse_request          84     84    144   28    1 : tunables    0    0    0 : slabdata      3      3      0
fuse_inode            19     19    832   19    4 : tunables    0    0    0 : slabdata      1      1      0
ecryptfs_inode_cache      0      0   1024   16    4 : tunables    0    0    0 : slabdata      0      0      0
ecryptfs_file_cache      0      0     16  256    1 : tunables    0    0    0 : slabdata      0      0      0
ecryptfs_auth_tok_list_item      0      0    832   19    4 : tunables    0    0    0 : slabdata      0      0      0
fat_inode_cache       22     22    744   22    4 : tunables    0    0    0 : slabdata      1      1      0
fat_cache              0      0     40  102    1 : tunables    0    0    0 : slabdata      0      0      0
squashfs_inode_cache     92     92    704   23    4 : tunables    0    0    0 : slabdata      4      4      0
jbd2_journal_head    204    204    120   34    1 : tunables    0    0    0 : slabdata      6      6      0
jbd2_revoke_table_s    256    256     16  256    1 : tunables    0    0    0 : slabdata      1      1      0
ext4_fc_dentry_update      0      0     80   51    1 : tunables    0    0    0 : slabdata      0      0      0
ext4_inode_cache    7479   7479   1184   27    8 : tunables    0    0    0 : slabdata    277    277      0
ext4_allocation_context    128    128    128   32    1 : tunables    0    0    0 : slabdata      4      4      0
ext4_io_end          256    256     64   64    1 : tunables    0    0    0 : slabdata      4      4      0
ext4_pending_reservation    512    512     32  128    1 : tunables    0    0    0 : slabdata      4      4      0
ext4_extent_status   8772   8772     40  102    1 : tunables    0    0    0 : slabdata     86     86      0
mbcache              292    292     56   73    1 : tunables    0    0    0 : slabdata      4      4      0
userfaultfd_ctx_cache      0      0    192   21    1 : tunables    0    0    0 : slabdata      0      0      0
fsnotify_mark          0      0     72   56    1 : tunables    0    0    0 : slabdata      0      0      0
dnotify_struct         0      0     32  128    1 : tunables    0    0    0 : slabdata      0      0      0
dio                    0      0    640   25    4 : tunables    0    0    0 : slabdata      0      0      0
pid_namespace          0      0    136   30    1 : tunables    0    0    0 : slabdata      0      0      0
UNIX                 649    656   1024   16    4 : tunables    0    0    0 : slabdata     41     41      0
ip4-frags              0      0    200   20    1 : tunables    0    0    0 : slabdata      0      0      0
MPTCP                  0      0   1856   17    8 : tunables    0    0    0 : slabdata      0      0      0
request_sock_subflow      0      0    376   21    2 : tunables    0    0    0 : slabdata      0      0      0
PING                   0      0    960   17    4 : tunables    0    0    0 : slabdata      0      0      0
RAW                   51     51    960   17    4 : tunables    0    0    0 : slabdata      3      3      0
UDP                  120    120   1088   30    8 : tunables    0    0    0 : slabdata      4      4      0
tw_sock_TCP           16     16    248   16    1 : tunables    0    0    0 : slabdata      1      1      0
request_sock_TCP       0      0    304   26    2 : tunables    0    0    0 : slabdata      0      0      0
TCP                   42     42   2240   14    8 : tunables    0    0    0 : slabdata      3      3      0
hugetlbfs_inode_cache     50     50    632   25    4 : tunables    0    0    0 : slabdata      2      2      0
dquot                 64     64    256   16    1 : tunables    0    0    0 : slabdata      4      4      0
ep_head             1024   1024     16  256    1 : tunables    0    0    0 : slabdata      4      4      0
dax_cache             21     21    768   21    4 : tunables    0    0    0 : slabdata      1      1      0
bio_crypt_ctx        306    306     40  102    1 : tunables    0    0    0 : slabdata      3      3      0
request_queue         48     48   2032   16    8 : tunables    0    0    0 : slabdata      3      3      0
biovec-max           144    144   4096    8    8 : tunables    0    0    0 : slabdata     18     18      0
biovec-128            64     64   2048   16    8 : tunables    0    0    0 : slabdata      4      4      0
biovec-64             64     64   1024   16    4 : tunables    0    0    0 : slabdata      4      4      0
khugepaged_mm_slot      0      0    112   36    1 : tunables    0    0    0 : slabdata      0      0      0
user_namespace        31     31    528   31    4 : tunables    0    0    0 : slabdata      1      1      0
uid_cache             84     84    192   21    1 : tunables    0    0    0 : slabdata      4      4      0
sock_inode_cache     855    855    832   19    4 : tunables    0    0    0 : slabdata     45     45      0
skbuff_fclone_cache     36     36    448   18    2 : tunables    0    0    0 : slabdata      2      2      0
skbuff_head_cache    433    528    256   16    1 : tunables    0    0    0 : slabdata     33     33      0
file_lock_cache       72     72    216   18    1 : tunables    0    0    0 : slabdata      4      4      0
file_lock_ctx        292    292     56   73    1 : tunables    0    0    0 : slabdata      4      4      0
fsnotify_mark_connector    640    640     32  128    1 : tunables    0    0    0 : slabdata      5      5      0
net_namespace         30     30   3072   10    8 : tunables    0    0    0 : slabdata      3      3      0
buffer_head        12441  12441    104   39    1 : tunables    0    0    0 : slabdata    319    319      0
task_delay_info      969    969     80   51    1 : tunables    0    0    0 : slabdata     19     19      0
taskstats             92     92    352   23    2 : tunables    0    0    0 : slabdata      4      4      0
proc_dir_entry       609    609    192   21    1 : tunables    0    0    0 : slabdata     29     29      0
pde_opener           408    408     40  102    1 : tunables    0    0    0 : slabdata      4      4      0
proc_inode_cache    6469   6720    680   24    4 : tunables    0    0    0 : slabdata    280    280      0
seq_file             136    136    120   34    1 : tunables    0    0    0 : slabdata      4      4      0
bdev_cache            60     60   1600   20    8 : tunables    0    0    0 : slabdata      3      3      0
shmem_inode_cache   1562   1562    720   22    4 : tunables    0    0    0 : slabdata     71     71      0
kernfs_node_cache  25088  25088    128   32    1 : tunables    0    0    0 : slabdata    784    784      0
mnt_cache           1425   1425    320   25    2 : tunables    0    0    0 : slabdata     57     57      0
filp                6505   6928    256   16    1 : tunables    0    0    0 : slabdata    433    433      0
inode_cache        21970  21970    608   26    4 : tunables    0    0    0 : slabdata    845    845      0
dentry             41358  43785    192   21    1 : tunables    0    0    0 : slabdata   2085   2085      0
names_cache           40     40   4096    8    8 : tunables    0    0    0 : slabdata      5      5      0
iint_cache             0      0    120   34    1 : tunables    0    0    0 : slabdata      0      0      0
lsm_file_cache      7310   7310     24  170    1 : tunables    0    0    0 : slabdata     43     43      0
uts_namespace         36     36    432   18    2 : tunables    0    0    0 : slabdata      2      2      0
vm_area_struct     29112  29300    200   20    1 : tunables    0    0    0 : slabdata   1465   1465      0
mm_struct            180    180   1088   30    8 : tunables    0    0    0 : slabdata      6      6      0
files_cache          184    184    704   23    4 : tunables    0    0    0 : slabdata      8      8      0
signal_cache         336    336   1152   28    8 : tunables    0    0    0 : slabdata     12     12      0
sighand_cache        270    270   2112   15    8 : tunables    0    0    0 : slabdata     18     18      0
task_struct          468    545   6144    5    8 : tunables    0    0    0 : slabdata    109    109      0
cred_jar             777    777    192   21    1 : tunables    0    0    0 : slabdata     37     37      0
anon_vma_chain     14202  14976     64   64    1 : tunables    0    0    0 : slabdata    234    234      0
anon_vma            7863   8694     88   46    1 : tunables    0    0    0 : slabdata    189    189      0
pid                 1152   1152    128   32    1 : tunables    0    0    0 : slabdata     36     36      0
Acpi-Operand        1736   1736     72   56    1 : tunables    0    0    0 : slabdata     31     31      0
Acpi-ParseExt        156    156    104   39    1 : tunables    0    0    0 : slabdata      4      4      0
Acpi-State           408    408     80   51    1 : tunables    0    0    0 : slabdata      8      8      0
numa_policy           31     31    264   31    2 : tunables    0    0    0 : slabdata      1      1      0
trace_event_file    2760   2760     88   46    1 : tunables    0    0    0 : slabdata     60     60      0
ftrace_event_field   4335   4335     48   85    1 : tunables    0    0    0 : slabdata     51     51      0
pool_workqueue       416    416    256   16    1 : tunables    0    0    0 : slabdata     26     26      0
radix_tree_node     5908   5908    584   28    4 : tunables    0    0    0 : slabdata    211    211      0
task_group           112    112    576   28    4 : tunables    0    0    0 : slabdata      4      4      0
vmap_area           2688   2688     64   64    1 : tunables    0    0    0 : slabdata     42     42      0
dma-kmalloc-8k         0      0   8192    4    8 : tunables    0    0    0 : slabdata      0      0      0
dma-kmalloc-4k         0      0   4096    8    8 : tunables    0    0    0 : slabdata      0      0      0
dma-kmalloc-2k         0      0   2048   16    8 : tunables    0    0    0 : slabdata      0      0      0
dma-kmalloc-1k         0      0   1024   16    4 : tunables    0    0    0 : slabdata      0      0      0
dma-kmalloc-512       32     32    512   16    2 : tunables    0    0    0 : slabdata      2      2      0
dma-kmalloc-256        0      0    256   16    1 : tunables    0    0    0 : slabdata      0      0      0
dma-kmalloc-128        0      0    128   32    1 : tunables    0    0    0 : slabdata      0      0      0
dma-kmalloc-64         0      0     64   64    1 : tunables    0    0    0 : slabdata      0      0      0
dma-kmalloc-32         0      0     32  128    1 : tunables    0    0    0 : slabdata      0      0      0
dma-kmalloc-16         0      0     16  256    1 : tunables    0    0    0 : slabdata      0      0      0
dma-kmalloc-8          0      0      8  512    1 : tunables    0    0    0 : slabdata      0      0      0
dma-kmalloc-192        0      0    192   21    1 : tunables    0    0    0 : slabdata      0      0      0
dma-kmalloc-96         0      0     96   42    1 : tunables    0    0    0 : slabdata      0      0      0
kmalloc-rcl-8k         0      0   8192    4    8 : tunables    0    0    0 : slabdata      0      0      0
kmalloc-rcl-4k         0      0   4096    8    8 : tunables    0    0    0 : slabdata      0      0      0
kmalloc-rcl-2k         0      0   2048   16    8 : tunables    0    0    0 : slabdata      0      0      0
kmalloc-rcl-1k         0      0   1024   16    4 : tunables    0    0    0 : slabdata      0      0      0
kmalloc-rcl-512       64     64    512   16    2 : tunables    0    0    0 : slabdata      4      4      0
kmalloc-rcl-256       48     48    256   16    1 : tunables    0    0    0 : slabdata      3      3      0
kmalloc-rcl-192        0      0    192   21    1 : tunables    0    0    0 : slabdata      0      0      0
kmalloc-rcl-128      256    256    128   32    1 : tunables    0    0    0 : slabdata      8      8      0
kmalloc-rcl-96       420    420     96   42    1 : tunables    0    0    0 : slabdata     10     10      0
kmalloc-rcl-64       832    832     64   64    1 : tunables    0    0    0 : slabdata     13     13      0
kmalloc-rcl-32         0      0     32  128    1 : tunables    0    0    0 : slabdata      0      0      0
kmalloc-rcl-16         0      0     16  256    1 : tunables    0    0    0 : slabdata      0      0      0
kmalloc-rcl-8          0      0      8  512    1 : tunables    0    0    0 : slabdata      0      0      0
kmalloc-8k           116    116   8192    4    8 : tunables    0    0    0 : slabdata     29     29      0
kmalloc-4k          1085   1128   4096    8    8 : tunables    0    0    0 : slabdata    141    141      0
kmalloc-2k           512    512   2048   16    8 : tunables    0    0    0 : slabdata     32     32      0
kmalloc-1k          1472   1568   1024   16    4 : tunables    0    0    0 : slabdata     98     98      0
kmalloc-512         2310   2400    512   16    2 : tunables    0    0    0 : slabdata    150    150      0
kmalloc-256         1952   1952    256   16    1 : tunables    0    0    0 : slabdata    122    122      0
kmalloc-192         4557   4557    192   21    1 : tunables    0    0    0 : slabdata    217    217      0
kmalloc-128         2880   2880    128   32    1 : tunables    0    0    0 : slabdata     90     90      0
kmalloc-96          1512   1512     96   42    1 : tunables    0    0    0 : slabdata     36     36      0
kmalloc-64          8256   8256     64   64    1 : tunables    0    0    0 : slabdata    129    129      0
kmalloc-32         18048  18048     32  128    1 : tunables    0    0    0 : slabdata    141    141      0
kmalloc-16          6656   6656     16  256    1 : tunables    0    0    0 : slabdata     26     26      0
kmalloc-8           6656   6656      8  512    1 : tunables    0    0    0 : slabdata     13     13      0
kmem_cache_node      384    384     64   64    1 : tunables    0    0    0 : slabdata      6      6      0
kmem_cache           192    192    256   16    1 : tunables    0    0    0 : slabdata     12     12      0
